[01:34:03] [ServerMain/INFO]: Building unoptimized datafixer
[01:34:05] [ServerMain/INFO]: Environment: authHost='https://authserver.mojang.com', accountsHost='https://api.mojang.com', sessionHost='https://sessionserver.mojang.com', servicesHost='https://api.minecraftservices.com', name='PROD'
[01:34:09] [ServerMain/INFO]: Loaded 7 recipes
[01:34:10] [ServerMain/INFO]: Loaded 1179 advancements
[01:34:13] [Server thread/INFO]: Starting minecraft server version 1.19
[01:34:13] [Server thread/INFO]: Loading properties
[01:34:13] [Server thread/INFO]: Default game type: SURVIVAL
[01:34:13] [Server thread/INFO]: Generating keypair
[01:34:13] [Server console handler/ERROR]: Exception handling console input
java.io.IOException: The handle is invalid
	at java.io.FileInputStream.readBytes(Native Method) ~[?:?]
	at java.io.FileInputStream.read(FileInputStream.java:276) ~[?:?]
	at java.io.BufferedInputStream.read1(BufferedInputStream.java:282) ~[?:?]
	at java.io.BufferedInputStream.read(BufferedInputStream.java:343) ~[?:?]
	at sun.nio.cs.StreamDecoder.readBytes(StreamDecoder.java:270) ~[?:?]
	at sun.nio.cs.StreamDecoder.implRead(StreamDecoder.java:313) ~[?:?]
	at sun.nio.cs.StreamDecoder.read(StreamDecoder.java:188) ~[?:?]
	at java.io.InputStreamReader.read(InputStreamReader.java:177) ~[?:?]
	at java.io.BufferedReader.fill(BufferedReader.java:162) ~[?:?]
	at java.io.BufferedReader.readLine(BufferedReader.java:329) ~[?:?]
	at java.io.BufferedReader.readLine(BufferedReader.java:396) ~[?:?]
	at aep$1.run(SourceFile:92) [server-1.19.jar:?]
[01:34:13] [Server thread/INFO]: Starting Minecraft server on *:25565
[01:34:13] [Server thread/INFO]: Using default channel type
[01:34:14] [Server thread/INFO]: Preparing level "tmp"
[01:34:35] [Server thread/INFO]: Preparing start region for dimension minecraft:overworld
[01:34:36] [Worker-Main-4/INFO]: Preparing spawn area: 0%
[01:34:36] [Worker-Main-4/INFO]: Preparing spawn area: 0%
[01:34:36] [Worker-Main-3/INFO]: Preparing spawn area: 0%
[01:34:36] [Worker-Main-4/INFO]: Preparing spawn area: 0%
[01:34:37] [Worker-Main-6/INFO]: Preparing spawn area: 0%
[01:34:37] [Worker-Main-2/INFO]: Preparing spawn area: 0%
[01:34:41] [Worker-Main-1/INFO]: Preparing spawn area: 0%
[01:34:41] [Worker-Main-1/INFO]: Preparing spawn area: 0%
[01:34:41] [Worker-Main-1/INFO]: Preparing spawn area: 0%
[01:34:41] [Worker-Main-1/INFO]: Preparing spawn area: 0%
[01:34:41] [Worker-Main-1/INFO]: Preparing spawn area: 0%
[01:34:41] [Worker-Main-1/INFO]: Preparing spawn area: 0%
[01:34:41] [Worker-Main-1/INFO]: Preparing spawn area: 0%
[01:34:41] [Worker-Main-1/INFO]: Preparing spawn area: 0%
[01:34:42] [Worker-Main-7/INFO]: Preparing spawn area: 0%
[01:34:42] [Worker-Main-2/INFO]: Preparing spawn area: 0%
[01:34:43] [Worker-Main-5/INFO]: Preparing spawn area: 2%
[01:34:43] [Worker-Main-4/INFO]: Preparing spawn area: 2%
[01:34:44] [Worker-Main-1/INFO]: Preparing spawn area: 4%
[01:34:44] [Worker-Main-6/INFO]: Preparing spawn area: 4%
[01:34:45] [Worker-Main-4/INFO]: Preparing spawn area: 5%
[01:34:45] [Worker-Main-1/INFO]: Preparing spawn area: 6%
[01:34:46] [Worker-Main-3/INFO]: Preparing spawn area: 7%
[01:34:47] [Worker-Main-6/INFO]: Preparing spawn area: 8%
[01:34:47] [Worker-Main-4/INFO]: Preparing spawn area: 9%
[01:34:47] [Worker-Main-3/INFO]: Preparing spawn area: 10%
[01:34:48] [Worker-Main-4/INFO]: Preparing spawn area: 11%
[01:34:48] [Worker-Main-4/INFO]: Preparing spawn area: 13%
[01:34:49] [Worker-Main-2/INFO]: Preparing spawn area: 15%
[01:34:50] [Worker-Main-5/INFO]: Preparing spawn area: 16%
[01:34:50] [Worker-Main-2/INFO]: Preparing spawn area: 16%
[01:34:50] [Worker-Main-2/INFO]: Preparing spawn area: 16%
[01:34:51] [Worker-Main-6/INFO]: Preparing spawn area: 16%
[01:34:51] [Worker-Main-4/INFO]: Preparing spawn area: 18%
[01:34:52] [Worker-Main-5/INFO]: Preparing spawn area: 20%
[01:34:52] [Worker-Main-2/INFO]: Preparing spawn area: 22%
[01:34:53] [Worker-Main-6/INFO]: Preparing spawn area: 24%
[01:34:53] [Worker-Main-6/INFO]: Preparing spawn area: 24%
[01:34:54] [Worker-Main-7/INFO]: Preparing spawn area: 27%
[01:34:54] [Worker-Main-2/INFO]: Preparing spawn area: 29%
[01:34:55] [Worker-Main-4/INFO]: Preparing spawn area: 31%
[01:34:55] [Worker-Main-6/INFO]: Preparing spawn area: 33%
[01:34:56] [Worker-Main-4/INFO]: Preparing spawn area: 33%
[01:34:56] [Worker-Main-6/INFO]: Preparing spawn area: 35%
[01:34:57] [Worker-Main-2/INFO]: Preparing spawn area: 38%
[01:34:57] [Worker-Main-3/INFO]: Preparing spawn area: 41%
[01:34:58] [Worker-Main-2/INFO]: Preparing spawn area: 43%
[01:34:58] [Worker-Main-5/INFO]: Preparing spawn area: 44%
[01:34:59] [Worker-Main-7/INFO]: Preparing spawn area: 46%
[01:34:59] [Worker-Main-7/INFO]: Preparing spawn area: 48%
[01:35:00] [Worker-Main-3/INFO]: Preparing spawn area: 51%
[01:35:00] [Worker-Main-5/INFO]: Preparing spawn area: 53%
[01:35:01] [Worker-Main-2/INFO]: Preparing spawn area: 55%
[01:35:01] [Worker-Main-2/INFO]: Preparing spawn area: 56%
[01:35:02] [Worker-Main-1/INFO]: Preparing spawn area: 57%
[01:35:02] [Worker-Main-5/INFO]: Preparing spawn area: 58%
[01:35:03] [Worker-Main-3/INFO]: Preparing spawn area: 59%
[01:35:03] [Worker-Main-6/INFO]: Preparing spawn area: 63%
[01:35:04] [Worker-Main-3/INFO]: Preparing spawn area: 65%
[01:35:04] [Worker-Main-7/INFO]: Preparing spawn area: 68%
[01:35:05] [Worker-Main-7/INFO]: Preparing spawn area: 69%
[01:35:05] [Worker-Main-1/INFO]: Preparing spawn area: 71%
[01:35:06] [Worker-Main-3/INFO]: Preparing spawn area: 73%
[01:35:06] [Worker-Main-5/INFO]: Preparing spawn area: 76%
[01:35:07] [Worker-Main-2/INFO]: Preparing spawn area: 77%
[01:35:07] [Worker-Main-3/INFO]: Preparing spawn area: 80%
[01:35:08] [Worker-Main-6/INFO]: Preparing spawn area: 83%
[01:35:08] [Worker-Main-1/INFO]: Preparing spawn area: 84%
[01:35:09] [Worker-Main-5/INFO]: Preparing spawn area: 85%
[01:35:09] [Worker-Main-5/INFO]: Preparing spawn area: 87%
[01:35:10] [Worker-Main-6/INFO]: Preparing spawn area: 90%
[01:35:10] [Worker-Main-1/INFO]: Preparing spawn area: 93%
[01:35:11] [Worker-Main-3/INFO]: Preparing spawn area: 94%
[01:35:11] [Worker-Main-5/INFO]: Preparing spawn area: 97%
[01:35:12] [Server thread/INFO]: Time elapsed: 36798 ms
[01:35:12] [Server thread/INFO]: Done (57.789s)! For help, type "help"
[01:36:31] [Server thread/INFO]: <Server> made by CosmicAxolotl
[01:36:47] [Server thread/INFO]: Stopping the server
[01:36:47] [Server thread/INFO]: Stopping server
[01:36:47] [Server thread/INFO]: Saving players
[01:36:47] [Server thread/INFO]: Saving worlds
[01:36:48] [Server thread/INFO]: Saving chunks for level 'ServerLevel[tmp]'/minecraft:overworld
[01:36:51] [Server thread/INFO]: Saving chunks for level 'ServerLevel[tmp]'/minecraft:the_nether
[01:36:51] [Server thread/INFO]: Saving chunks for level 'ServerLevel[tmp]'/minecraft:the_end
[01:36:52] [Server thread/INFO]: ThreadedAnvilChunkStorage (tmp): All chunks are saved
[01:36:52] [Server thread/INFO]: ThreadedAnvilChunkStorage (DIM-1): All chunks are saved
[01:36:52] [Server thread/INFO]: ThreadedAnvilChunkStorage (DIM1): All chunks are saved
[01:36:52] [Server thread/INFO]: ThreadedAnvilChunkStorage: All dimensions are saved
